{
  "RSpec": {
    "coverage": {
      "/Users/dwthien/project/logivan_test_hoangthien/checkout.rb": [
        1,
        1,
        1,
        4,
        3,
        3,
        null,
        null,
        null,
        3,
        null,
        3,
        null,
        null,
        12,
        null,
        null,
        3,
        null,
        null,
        1,
        10,
        10,
        28,
        10,
        10,
        null,
        null,
        1,
        13,
        null,
        3,
        2,
        7,
        null,
        null,
        3,
        null,
        null,
        1,
        null,
        13,
        3,
        3,
        null,
        null,
        null,
        null,
        1,
        7,
        6,
        null,
        null,
        null,
        1,
        1,
        null,
        null
      ]
    },
    "timestamp": 1564743245
  }
}
